0 info it worked if it ends with ok
1 verbose cli [ '/Users/jerrysdesign/.nvm/versions/node/v0.12.3/bin/node',
1 verbose cli   '/Users/jerrysdesign/.nvm/versions/node/v0.12.3/bin/npm',
1 verbose cli   'install',
1 verbose cli   '--',
1 verbose cli   'dev-save' ]
2 info using npm@2.9.1
3 info using node@v0.12.3
4 verbose install initial load of /Users/jerrysdesign/Documents/clone GitHub/my_repositories/gulp-bower-bootstrap-fontawesome/package.json
5 warn package.json @ No repository field.
6 verbose installManyTop reading scoped package data from /Users/jerrysdesign/Documents/clone GitHub/my_repositories/gulp-bower-bootstrap-fontawesome/node_modules/gulp/package.json
7 verbose installManyTop reading scoped package data from /Users/jerrysdesign/Documents/clone GitHub/my_repositories/gulp-bower-bootstrap-fontawesome/node_modules/gulp-bower/package.json
8 verbose installManyTop reading scoped package data from /Users/jerrysdesign/Documents/clone GitHub/my_repositories/gulp-bower-bootstrap-fontawesome/node_modules/gulp-connect/package.json
9 verbose installManyTop reading scoped package data from /Users/jerrysdesign/Documents/clone GitHub/my_repositories/gulp-bower-bootstrap-fontawesome/node_modules/gulp-connect-php/package.json
10 verbose installManyTop reading scoped package data from /Users/jerrysdesign/Documents/clone GitHub/my_repositories/gulp-bower-bootstrap-fontawesome/node_modules/gulp-jade/package.json
11 verbose installManyTop reading scoped package data from /Users/jerrysdesign/Documents/clone GitHub/my_repositories/gulp-bower-bootstrap-fontawesome/node_modules/gulp-less/package.json
12 verbose installManyTop reading scoped package data from /Users/jerrysdesign/Documents/clone GitHub/my_repositories/gulp-bower-bootstrap-fontawesome/node_modules/gulp-notify/package.json
13 verbose installManyTop reading scoped package data from /Users/jerrysdesign/Documents/clone GitHub/my_repositories/gulp-bower-bootstrap-fontawesome/node_modules/gulp-ruby-sass/package.json
14 verbose installManyTop reading scoped package data from /Users/jerrysdesign/Documents/clone GitHub/my_repositories/gulp-bower-bootstrap-fontawesome/node_modules/gulp-slim/package.json
15 verbose installManyTop reading scoped package data from /Users/jerrysdesign/Documents/clone GitHub/my_repositories/gulp-bower-bootstrap-fontawesome/node_modules/gulp-webserver/package.json
16 verbose installManyTop reading scoped package data from /Users/jerrysdesign/Documents/clone GitHub/my_repositories/gulp-bower-bootstrap-fontawesome/node_modules/jade/package.json
17 verbose readDependencies loading dependencies from /Users/jerrysdesign/Documents/clone GitHub/my_repositories/gulp-bower-bootstrap-fontawesome/package.json
18 silly cache add args [ 'dev-save', null ]
19 verbose cache add spec dev-save
20 silly cache add parsed spec { raw: 'dev-save',
20 silly cache add   scope: null,
20 silly cache add   name: 'dev-save',
20 silly cache add   rawSpec: '',
20 silly cache add   spec: '*',
20 silly cache add   type: 'range' }
21 silly addNamed dev-save@*
22 verbose addNamed "*" is a valid semver range for dev-save
23 silly addNameRange { name: 'dev-save', range: '*', hasData: false }
24 silly mapToRegistry name dev-save
25 silly mapToRegistry using default registry
26 silly mapToRegistry registry https://registry.npmjs.org/
27 silly mapToRegistry uri https://registry.npmjs.org/dev-save
28 verbose addNameRange registry:https://registry.npmjs.org/dev-save not in flight; fetching
29 verbose request uri https://registry.npmjs.org/dev-save
30 verbose request no auth needed
31 info attempt registry request try #1 at 12:49:53
32 verbose request id bfa23e8d2ecb05ee
33 http request GET https://registry.npmjs.org/dev-save
34 http 404 https://registry.npmjs.org/dev-save
35 verbose headers { server: 'CouchDB/1.5.0 (Erlang OTP/R16B03)',
35 verbose headers   'content-type': 'application/json',
35 verbose headers   'cache-control': 'max-age=0',
35 verbose headers   'content-length': '51',
35 verbose headers   'accept-ranges': 'bytes',
35 verbose headers   date: 'Wed, 03 Jun 2015 04:49:54 GMT',
35 verbose headers   via: '1.1 varnish',
35 verbose headers   age: '0',
35 verbose headers   connection: 'keep-alive',
35 verbose headers   'x-served-by': 'cache-bma7032-BMA',
35 verbose headers   'x-cache': 'MISS',
35 verbose headers   'x-cache-hits': '0',
35 verbose headers   'x-timer': 'S1433306994.269356,VS0,VE543' }
36 silly get cb [ 404,
36 silly get   { server: 'CouchDB/1.5.0 (Erlang OTP/R16B03)',
36 silly get     'content-type': 'application/json',
36 silly get     'cache-control': 'max-age=0',
36 silly get     'content-length': '51',
36 silly get     'accept-ranges': 'bytes',
36 silly get     date: 'Wed, 03 Jun 2015 04:49:54 GMT',
36 silly get     via: '1.1 varnish',
36 silly get     age: '0',
36 silly get     connection: 'keep-alive',
36 silly get     'x-served-by': 'cache-bma7032-BMA',
36 silly get     'x-cache': 'MISS',
36 silly get     'x-cache-hits': '0',
36 silly get     'x-timer': 'S1433306994.269356,VS0,VE543' } ]
37 verbose stack Error: 404 Not Found: dev-save
37 verbose stack     at CachingRegistryClient.<anonymous> (/Users/jerrysdesign/.nvm/versions/node/v0.12.3/lib/node_modules/npm/node_modules/npm-registry-client/lib/request.js:245:14)
37 verbose stack     at Request._callback (/Users/jerrysdesign/.nvm/versions/node/v0.12.3/lib/node_modules/npm/node_modules/npm-registry-client/lib/request.js:170:14)
37 verbose stack     at Request.self.callback (/Users/jerrysdesign/.nvm/versions/node/v0.12.3/lib/node_modules/npm/node_modules/request/request.js:368:22)
37 verbose stack     at Request.emit (events.js:110:17)
37 verbose stack     at Request.<anonymous> (/Users/jerrysdesign/.nvm/versions/node/v0.12.3/lib/node_modules/npm/node_modules/request/request.js:1219:14)
37 verbose stack     at Request.emit (events.js:129:20)
37 verbose stack     at IncomingMessage.<anonymous> (/Users/jerrysdesign/.nvm/versions/node/v0.12.3/lib/node_modules/npm/node_modules/request/request.js:1167:12)
37 verbose stack     at IncomingMessage.emit (events.js:129:20)
37 verbose stack     at _stream_readable.js:908:16
37 verbose stack     at process._tickCallback (node.js:355:11)
38 verbose statusCode 404
39 verbose pkgid dev-save
40 verbose cwd /Users/jerrysdesign/Documents/clone GitHub/my_repositories/gulp-bower-bootstrap-fontawesome
41 error Darwin 14.4.0
42 error argv "/Users/jerrysdesign/.nvm/versions/node/v0.12.3/bin/node" "/Users/jerrysdesign/.nvm/versions/node/v0.12.3/bin/npm" "install" "--" "dev-save"
43 error node v0.12.3
44 error npm  v2.9.1
45 error code E404
46 error 404 Not Found: dev-save
46 error 404
46 error 404 'dev-save' is not in the npm registry.
46 error 404 You should bug the author to publish it (or use the name yourself!)
46 error 404
46 error 404 Note that you can also install from a
46 error 404 tarball, folder, http url, or git url.
47 verbose exit [ 1, true ]
